{"level":"info","message":"App is running on 4000"}
{"level":"info","message":"App is running on 4000"}
{"level":"info","message":"App is running on 4000"}
{"level":"info","message":"App is running on 4000"}
{"level":"info","message":"App is running on 4000"}
{"level":"info","message":"App is running on 4000"}
{"level":"info","message":"App is running on 4000"}
{"level":"info","message":"App is running on 4000"}
{"level":"info","message":"App is running on 4000"}
{"level":"info","message":"App is running on 4000"}
{"level":"info","message":"App is running on 4000"}
{"level":"info","message":"App is running on 4000"}
{"level":"info","message":"App is running on 4000"}
{"level":"info","message":"App is running on undefined"}
{"level":"info","message":"App is running on undefined"}
{"level":"info","message":"App is running on undefined"}
{"level":"info","message":"App is running on 4000"}
{"level":"info","message":"App is running on 4000"}
{"level":"info","message":"App is running on 4000"}
{"level":"info","message":"App is running on 4000"}
{"level":"error","message":{"database_error":{}}}
{"level":"info","message":"App is running on 4000"}
{"level":"error"}
{"level":"info","message":"App is running on 4000"}
{"level":"error"}
{"level":"info","message":"App is running on 4000"}
{"level":"error"}
{"level":"info","message":"App is running on 4000"}
{"level":"info","message":"Database is connected"}
{"level":"info","message":"App is running on 4000"}
{"level":"info","message":"Database is connected"}
{"level":"info","message":"App is running on 4000"}
{"level":"info","message":"Database is connected"}
{"level":"info","message":"App is running on 4000"}
{"level":"info","message":"Database is connected"}
{"level":"info","message":"App is running on 4000"}
{"level":"info","message":"Database is connected"}
{"level":"info","message":"App is running on 4000"}
{"level":"info","message":"Database is connected"}
{"level":"info","message":"App is running on 4000"}
{"level":"info","message":"Database is connected"}
{"level":"info","message":"App is running on 4000"}
{"level":"info","message":"Database is connected"}
{"level":"info","message":"App is running on 4000"}
{"level":"info","message":"Database is connected"}
{"level":"info","message":"App is running on 4000"}
{"level":"info","message":"Database is connected"}
{"level":"info","message":"App is running on 4000"}
{"level":"info","message":"Database is connected"}
{"level":"info","message":"App is running on 4000"}
{"level":"info","message":"Database is connected"}
{"level":"info","message":"App is running on 4000"}
{"level":"info","message":"Database is connected"}
{"level":"info","message":"App is running on 4000"}
{"level":"info","message":"Database is connected"}
{"level":"info","message":"App is running on 4000"}
{"level":"info","message":"Database is connected"}
{"level":"info","message":"App is running on 4000"}
{"level":"info","message":"Database is connected"}
{"level":"info","message":"App is running on 4000"}
{"level":"info","message":"Database is connected"}
{"level":"info","message":"App is running on 4000"}
{"level":"info","message":"Database is connected"}
{"level":"info","message":"App is running on 4000"}
{"level":"info","message":"Database is connected"}
{"level":"info","message":"App is running on 4000"}
{"level":"info","message":"Database is connected"}
{"level":"info","message":"App is running on 4000"}
{"level":"info","message":"Database is connected"}
{"level":"info","message":"App is running on 4000"}
{"level":"info","message":"Database is connected"}
{"level":"info","message":"App is running on 4000"}
{"level":"info","message":"Database is connected"}
{"level":"info","message":"App is running on 4000"}
{"level":"info","message":"Database is connected"}
{"level":"info","message":"App is running on 4000"}
{"level":"info","message":"Database is connected"}
{"level":"info","message":"App is running on 4000"}
{"level":"info","message":"Database is connected"}
{"level":"info","message":"App is running on 4000"}
{"level":"info","message":"Database is connected"}
{"level":"info","message":"App is running on 4000"}
{"level":"info","message":"Database is connected"}
{"level":"info","message":"App is running on 4000"}
{"level":"info","message":"Database is connected"}
{"level":"info","message":"App is running on 4000"}
{"level":"info","message":"Database is connected"}
{"level":"info","message":"App is running on 4000"}
{"level":"info","message":"Database is connected"}
{"level":"info","message":"App is running on 4000"}
{"level":"info","message":"Database is connected"}
{"level":"info","message":"App is running on 4000"}
{"level":"info","message":"Database is connected"}
{"level":"info","message":"App is running on 4000"}
{"level":"info","message":"Database is connected"}
{"level":"info","message":"App is running on 4000"}
{"level":"info","message":"Database is connected"}
{"level":"info","message":"App is running on 4000"}
{"level":"info","message":"Database is connected"}
{"level":"info","message":"App is running on 4000"}
{"level":"info","message":"Database is connected"}
{"level":"info","message":"App is running on 4000"}
{"level":"info","message":"Database is connected"}
